ДОРАБОТКИ
 1. Аналитический модуль. Таблица с расчетами должна показываться только если включена галка «Расчеты». При загрузке программы она должны быть от-ключена.
 2. Аналитический модуль. Подпись к раскрывающему списку выбора испыта-ний должны быть на одному уровне со списком. В самом списке запретить ре-дактировать название элементов (в смысле, поменять тип списка).
 3. Аналитический модуль. Траектория рисуется на правильно относительно ка-мер (ну или камеры относительно траектории). Если смотреть сверку на траек-торию, то ее нужно повернуть на 90 градусов против часовой стрелки.
 4. Сделать параметр в инишниге «Название испытания по умолчанию». Для примера пусть  будет иметь значение: Испытание №%num% дата: %data% вре-мя: %time%. где подставляемые значения при сохранении: %num% - перемен-ная, максимальный номер (после символа «№») из имен файлов испытаний, %data% - текущая дата, %time% - текущее время. Думаю так будет логичнее.
 5. Не сохранять испытания если точек нет, выводить мессаджбокс.
 6. испытания в воспроизводятся, т.е. не реагируют на кнопку «play»
 7. доработать логику включения/выключения камер при проведении испыта-ний: если включить галочки «отключить фильтр» испытание проводится с от-ключенным фильтром; камеры включаются, но лампочки – нет (вообще живут сами по себе). Вообще сделать правильный алгоритм.
 8. Надпись «Разрешение» в настройках камеры думаю лучше переименовать в режим. А для задания угла лучше использовать поле с кнопочками (как в дру-гих параметрах)

 ГЛЮКИ (разные камеры, разные ОС)
 9. если закрываем программу с включенной камерой  – приложение падает (не-важно, включен или отключен фильтр)
 10. если включить камеру с фильтром после проведения испытания – приложе-ние падает (хм.. причем зачем то лезет сюда, сомотрел процессмоном)

 ВОПРОСЫ
 11. При запуске испытания, проходит некоторое время перед тем как включатс камеры и система будет готова к регистрации. Можно ли издавать какой нить «Бииип» в этот момент?
 12. может будем исключить точки с координатами (-1;-1;-1)? Already fixed later

Part 2
 1. В сцене меняем положение камеры по умолчанию. Она должна располагаться между веб-камерами (переносим на другой угол «квадрата пола»)
 2. При выборе другого испытания камера сцены должны оставаться наместе, а не прыгать в исходное положение.
 3. При испытаниях в несколькими точками (траекториями) такой глюк. При выборе N точек, последняя точка не хочет ловиться. Приходится, например, для двух точек выбирать три. В файле испытания третья точка всегда с координатами (-1,-1,-1).
 4. Точки (-1,-1,-1) в начале и конце испытания нужно удалять (сейчас не удаляются).
 5. Расчеты для аналитического модуля, оставляем только следующие: N; dt; X; Y; Z; dS перемещение; v скорость; a ускорение; P импульс; F сила; A работа
 6. В испытаниях с несколькими траекториями получаются странные координаты:
     <points T="31">
       <point X="360" Y="475" Z="295" />
       <point X="262" Y="396" Z="289" />
       <point X="-1" Y="-1" Z="-1" />
     </points>
     <points T="32">
       <point X="2,63940626866794E-308" Y="1,86445001110578E-307" Z="9,73040728199181E-72" />
       <point X="1,81766424741536E-307" Y="1,81724494270914E-307" Z="1,30690593674024E-293" />
       <point X="1,81766424741536E-307" Y="1,81724494270914E-307" Z="1,30690593674024E-293" />
     </points>
     <points T="31">
       <point X="2,63940626866794E-308" Y="1,86445001110578E-307" Z="9,73040728199181E-72" />
       <point X="2,63940626866794E-308" Y="1,86445001110578E-307" Z="9,73040728199181E-72" />
       <point X="1,81766424741536E-307" Y="1,81724494270914E-307" Z="1,30690593674024E-293" />
     </points>
 Подумать, из за чего может происходить сие.

Part 3
 1. Хорошо бы перед сохранением испытания в XMLфайл преобразова-ние P.X := P.X – Cam1W / 2; P.Y := P.Y – Cam2W / 2;  P.Z := Cam1H / 2 - P.Z. Что в файле уже были преобразованные координаты.
 2. Сделать возможность накладывания сетки на изображение полчаемое с камер. Рядом с флажком «Отключить фильтр» сделать «Сетка». Сетка должна делать изображение на 16 квадратов (80x60 px).
 3. В аналитическом модуле добавить кнопку «Обновить». Добавляем на панель с кнопками со стрелками и изменения масштаба с правой стороны в ви-де значка.
 4. Проверить TabOrder элементов управления на испытательном модуле.
 5. «Световой порог» для второй камеры не загружается из файла на-строек. Проверить сохранение/загрузки остальных параметров.
 6. Сделать кнопку «Сохранить настройки» в испытательном модуле. Нужно принудительное сохранение настроек, т.к. прога часто зависает во время испытаний.
 7. Видимо синхронизатор глючит, вообще прога часто падает по время испытаний. Может сделать фильтр на получаемые координаты, что отсеевать заведомо "левые" координаты.
 из приоритетных задач: 1,2,5.